<?xml version="1.0" encoding="UTF-8"?>
<!-- Generated by org.testng.reporters.JUnitReportReporter -->
<testsuite skipped="1" hostname="DESKTOP-27L8JE7" name="com.project.CarrierIT.testng.TestDependency" tests="4" failures="0" timestamp="23 Jan 2020 13:46:05 GMT" time="0.030" errors="0">
  <testcase name="orange" time="0.018" classname="com.project.CarrierIT.testng.TestDependency"/>
  <testcase name="white" time="0.004" classname="com.project.CarrierIT.testng.TestDependency"/>
  <testcase name="blue" time="0.006" classname="com.project.CarrierIT.testng.TestDependency">
    <skipped/>
  </testcase> <!-- blue -->
  <testcase name="green" time="0.002" classname="com.project.CarrierIT.testng.TestDependency"/>
</testsuite> <!-- com.project.CarrierIT.testng.TestDependency -->
