<?xml version="1.0" encoding="UTF-8"?>
<!-- Generated by org.testng.reporters.JUnitReportReporter -->
<testsuite skipped="1" hostname="DESKTOP-27L8JE7" name="com.project.CarrierIT.TC_007" tests="3" failures="0" timestamp="22 Jan 2020 13:11:21 GMT" time="0.012" errors="0">
  <testcase name="f" time="0.007" classname="com.project.CarrierIT.TC_007"/>
  <testcase name="z" time="0.005" classname="com.project.CarrierIT.TC_007"/>
  <testcase name="a" classname="com.project.CarrierIT.TC_007">
    <skipped/>
  </testcase> <!-- a -->
</testsuite> <!-- com.project.CarrierIT.TC_007 -->
