<?xml version="1.0" encoding="UTF-8"?>
<!-- Generated by org.testng.reporters.JUnitReportReporter -->
<testsuite skipped="0" hostname="DESKTOP-27L8JE7" name="com.project.CarrierIT.testng.LinksTesting1" tests="1" failures="0" timestamp="23 Jan 2020 13:29:58 GMT" time="9.199" errors="0">
  <testcase name="linktesting1" time="9.199" classname="com.project.CarrierIT.testng.LinksTesting1"/>
</testsuite> <!-- com.project.CarrierIT.testng.LinksTesting1 -->
