<?xml version="1.0" encoding="UTF-8"?>
<!-- Generated by org.testng.reporters.JUnitReportReporter -->
<testsuite skipped="0" hostname="DESKTOP-27L8JE7" name="com.project.CarrierIT.TC_006" tests="1" failures="0" timestamp="22 Jan 2020 13:11:21 GMT" time="0.009" errors="0">
  <testcase name="f" time="0.009" classname="com.project.CarrierIT.TC_006"/>
</testsuite> <!-- com.project.CarrierIT.TC_006 -->
