<?xml version="1.0" encoding="UTF-8"?>
<!-- Generated by org.testng.reporters.JUnitReportReporter -->
<testsuite skipped="0" hostname="DESKTOP-27L8JE7" name="com.excels.NewTest" tests="2" failures="0" timestamp="30 Jan 2020 13:45:29 GMT" time="0.036" errors="0">
  <testcase name="f" time="0.003" classname="com.excels.NewTest"/>
  <testcase name="f" time="0.033" classname="com.excels.NewTest"/>
</testsuite> <!-- com.excels.NewTest -->
