<?xml version="1.0" encoding="UTF-8"?>
<!-- Generated by org.testng.reporters.JUnitReportReporter -->
<testsuite skipped="0" hostname="DESKTOP-27L8JE7" name="com.project.CarrierIT.testng.RadioButton1" tests="1" failures="0" timestamp="23 Jan 2020 13:29:57 GMT" time="13.438" errors="0">
  <testcase name="radioTest" time="13.438" classname="com.project.CarrierIT.testng.RadioButton1"/>
</testsuite> <!-- com.project.CarrierIT.testng.RadioButton1 -->
