<?xml version="1.0" encoding="UTF-8"?>
<!-- Generated by org.testng.reporters.JUnitReportReporter -->
<testsuite skipped="0" hostname="DESKTOP-27L8JE7" name="com.excels.FaceBook" tests="1" failures="0" timestamp="29 Jan 2020 13:49:46 GMT" time="14.133" errors="0">
  <testcase name="fb" time="14.133" classname="com.excels.FaceBook"/>
</testsuite> <!-- com.excels.FaceBook -->
