<?xml version="1.0" encoding="UTF-8"?>
<!-- Generated by org.testng.reporters.JUnitReportReporter -->
<testsuite skipped="0" hostname="DESKTOP-27L8JE7" name="com.project.CarrierIT.testng.CheckBox1" tests="1" failures="0" timestamp="23 Jan 2020 13:29:58 GMT" time="14.116" errors="0">
  <testcase name="checkboxTest" time="14.116" classname="com.project.CarrierIT.testng.CheckBox1"/>
</testsuite> <!-- com.project.CarrierIT.testng.CheckBox1 -->
