<?xml version="1.0" encoding="UTF-8"?>
<!-- Generated by org.testng.reporters.JUnitReportReporter -->
<testsuite skipped="0" hostname="DESKTOP-27L8JE7" name="webtables.WebTables" tests="1" failures="0" timestamp="12 Feb 2020 13:24:04 GMT" time="47.356" errors="0">
  <testcase name="dynamicTable" time="47.356" classname="webtables.WebTables"/>
</testsuite> <!-- webtables.WebTables -->
