<?xml version="1.0" encoding="UTF-8"?>
<!-- Generated by org.testng.reporters.JUnitReportReporter -->
<testsuite skipped="1" hostname="DESKTOP-27L8JE7" name="com.POM.POM_001" tests="2" failures="0" timestamp="04 Feb 2020 14:11:12 GMT" time="11.470" errors="0">
  <testcase name="registration" time="11.470" classname="com.POM.POM_001"/>
  <testcase name="login" classname="com.POM.POM_001">
    <skipped/>
  </testcase> <!-- login -->
</testsuite> <!-- com.POM.POM_001 -->
