<?xml version="1.0" encoding="UTF-8"?>
<!-- Generated by org.testng.reporters.JUnitReportReporter -->
<testsuite skipped="0" hostname="DESKTOP-27L8JE7" name="suiteA.TestA2" tests="1" failures="0" timestamp="22 Jan 2020 14:05:53 GMT" time="2.025" errors="0">
  <testcase name="f" time="2.025" classname="suiteA.TestA2"/>
</testsuite> <!-- suiteA.TestA2 -->
