<?xml version="1.0" encoding="UTF-8"?>
<!-- Generated by org.testng.reporters.JUnitReportReporter -->
<testsuite skipped="0" hostname="DESKTOP-27L8JE7" name="com.frames.FrameDemo" tests="1" failures="0" timestamp="06 Feb 2020 13:28:57 GMT" time="17.997" errors="0">
  <testcase name="frame" time="17.997" classname="com.frames.FrameDemo"/>
</testsuite> <!-- com.frames.FrameDemo -->
