<?xml version="1.0" encoding="UTF-8"?>
<!-- Generated by org.testng.reporters.JUnitReportReporter -->
<testsuite skipped="0" hostname="DESKTOP-27L8JE7" name="com.project.CarrierIT.testng.TC_008" tests="1" failures="0" timestamp="17 Feb 2020 13:21:11 GMT" time="21.841" errors="0">
  <testcase name="amazon" time="21.841" classname="com.project.CarrierIT.testng.TC_008"/>
</testsuite> <!-- com.project.CarrierIT.testng.TC_008 -->
